#
# There is insufficient memory for the Java Runtime Environment to continue.
# Native memory allocation (malloc) failed to allocate 32744 bytes. Error detail: ChunkPool::allocate
# Possible reasons:
#   The system is out of physical RAM or swap space
#   This process is running with CompressedOops enabled, and the Java Heap may be blocking the growth of the native heap
# Possible solutions:
#   Reduce memory load on the system
#   Increase physical memory or swap space
#   Check if swap backing store is full
#   Decrease Java heap size (-Xmx/-Xms)
#   Decrease number of Java threads
#   Decrease Java thread stack sizes (-Xss)
#   Set larger code cache with -XX:ReservedCodeCacheSize=
#   JVM is running with Unscaled Compressed Oops mode in which the Java heap is
#     placed in the first 4GB address space. The Java Heap base address is the
#     maximum limit for the native heap growth. Please use -XX:HeapBaseMinAddress
#     to set the Java Heap base and to place the Java Heap above 4GB virtual address.
# This output file may be truncated or incomplete.
#
#  Out of Memory Error (arena.cpp:79), pid=29036, tid=31500
#
# JRE version: OpenJDK Runtime Environment Temurin-17.0.12+7 (17.0.12+7) (build 17.0.12+7)
# Java VM: OpenJDK 64-Bit Server VM Temurin-17.0.12+7 (17.0.12+7, mixed mode, tiered, compressed oops, compressed class ptrs, parallel gc, windows-amd64)
# No core dump will be written. Minidumps are not enabled by default on client versions of Windows
#

---------------  S U M M A R Y ------------

Command Line: --add-modules=ALL-SYSTEM --add-opens=java.base/java.util=ALL-UNNAMED --add-opens=java.base/java.lang=ALL-UNNAMED --add-opens=java.base/sun.nio.fs=ALL-UNNAMED -Declipse.application=org.eclipse.jdt.ls.core.id1 -Dosgi.bundles.defaultStartLevel=4 -Declipse.product=org.eclipse.jdt.ls.core.product -Djava.import.generatesMetadataFilesAtProjectRoot=false -DDetectVMInstallationsJob.disabled=true -Dfile.encoding=utf8 -XX:+UseParallelGC -XX:GCTimeRatio=4 -XX:AdaptiveSizePolicyWeight=90 -Dsun.zip.disableMemoryMapping=true -Xmx1G -Xms100m -Xlog:disable -javaagent:c:\Users\varun\.vscode\extensions\redhat.java-1.34.0-win32-x64\lombok\lombok-1.18.33.jar c:\Users\varun\.vscode\extensions\redhat.java-1.34.0-win32-x64\server\plugins\org.eclipse.equinox.launcher_1.6.900.v20240613-2009.jar -configuration c:\Users\varun\AppData\Roaming\Code\User\globalStorage\redhat.java\1.34.0\config_ss_win -data c:\Users\varun\AppData\Roaming\Code\User\workspaceStorage\ae3c2b533d21d5c66214443c6b176387\redhat.java\ss_ws --pipe=\\.\pipe\lsp-2704cfc508928521533b6f4d83e981c2-sock

Host: AMD Ryzen 5 4600H with Radeon Graphics         , 12 cores, 7G,  Windows 11 , 64 bit Build 22621 (10.0.22621.3958)
Time: Mon Sep  9 23:00:16 2024 India Standard Time elapsed time: 7.420651 seconds (0d 0h 0m 7s)

---------------  T H R E A D  ---------------

Current thread (0x000001ad958370e0):  JavaThread "C1 CompilerThread0" daemon [_thread_in_native, id=31500, stack(0x000000427f300000,0x000000427f400000)]


Current CompileTask:
C1:   7420 2413       3       jdk.internal.reflect.UnsafeFieldAccessorImpl::<init> (56 bytes)

Stack: [0x000000427f300000,0x000000427f400000]
Native frames: (J=compiled Java code, j=interpreted, Vv=VM code, C=native code)
V  [jvm.dll+0x67f929]
V  [jvm.dll+0x8371ba]
V  [jvm.dll+0x838c7e]
V  [jvm.dll+0x8392e3]
V  [jvm.dll+0x24834f]
V  [jvm.dll+0xacbd1]
V  [jvm.dll+0xad01c]
V  [jvm.dll+0x178253]
V  [jvm.dll+0x17831d]
V  [jvm.dll+0x17ab01]
V  [jvm.dll+0x17c621]
V  [jvm.dll+0x136bc3]
V  [jvm.dll+0x1364cf]
V  [jvm.dll+0x136706]
V  [jvm.dll+0x135b9a]
V  [jvm.dll+0x137851]
V  [jvm.dll+0x229a2d]
V  [jvm.dll+0x227bdc]
V  [jvm.dll+0x7ec1f7]
V  [jvm.dll+0x7e65dc]
V  [jvm.dll+0x67e7f7]
C  [ucrtbase.dll+0x29333]
C  [KERNEL32.DLL+0x1257d]
C  [ntdll.dll+0x5af28]


---------------  P R O C E S S  ---------------

Threads class SMR info:
_java_thread_list=0x000001ad98133c70, length=22, elements={
0x000001adfa918a00, 0x000001adff6e5030, 0x000001adff6e62a0, 0x000001adff6edff0,
0x000001adff6eeac0, 0x000001ad9582ce30, 0x000001ad95830040, 0x000001ad95835e90,
0x000001ad958370e0, 0x000001ad9583aa30, 0x000001ad958dfbf0, 0x000001ad95b7da70,
0x000001ad977d2190, 0x000001ad978cd700, 0x000001ad978cdbe0, 0x000001ad978d72f0,
0x000001ad9766f370, 0x000001ad975e6b60, 0x000001ad975e7070, 0x000001ad975e6650,
0x000001ad986b6ab0, 0x000001ad975e5210
}

Java Threads: ( => current thread )
  0x000001adfa918a00 JavaThread "main" [_thread_blocked, id=28196, stack(0x000000427e900000,0x000000427ea00000)]
  0x000001adff6e5030 JavaThread "Reference Handler" daemon [_thread_blocked, id=20580, stack(0x000000427ec00000,0x000000427ed00000)]
  0x000001adff6e62a0 JavaThread "Finalizer" daemon [_thread_blocked, id=29148, stack(0x000000427ed00000,0x000000427ee00000)]
  0x000001adff6edff0 JavaThread "Signal Dispatcher" daemon [_thread_blocked, id=32180, stack(0x000000427ee00000,0x000000427ef00000)]
  0x000001adff6eeac0 JavaThread "Attach Listener" daemon [_thread_blocked, id=31204, stack(0x000000427ef00000,0x000000427f000000)]
  0x000001ad9582ce30 JavaThread "Service Thread" daemon [_thread_blocked, id=1752, stack(0x000000427f000000,0x000000427f100000)]
  0x000001ad95830040 JavaThread "Monitor Deflation Thread" daemon [_thread_blocked, id=31504, stack(0x000000427f100000,0x000000427f200000)]
  0x000001ad95835e90 JavaThread "C2 CompilerThread0" daemon [_thread_in_native, id=32392, stack(0x000000427f200000,0x000000427f300000)]
=>0x000001ad958370e0 JavaThread "C1 CompilerThread0" daemon [_thread_in_native, id=31500, stack(0x000000427f300000,0x000000427f400000)]
  0x000001ad9583aa30 JavaThread "Sweeper thread" daemon [_thread_blocked, id=30836, stack(0x000000427f400000,0x000000427f500000)]
  0x000001ad958dfbf0 JavaThread "Common-Cleaner" daemon [_thread_blocked, id=26260, stack(0x000000427f500000,0x000000427f600000)]
  0x000001ad95b7da70 JavaThread "Notification Thread" daemon [_thread_blocked, id=10464, stack(0x000000427f700000,0x000000427f800000)]
  0x000001ad977d2190 JavaThread "Active Thread: Equinox Container: 478b5013-178a-431e-9f5c-62d07c57ae08" [_thread_blocked, id=26288, stack(0x000000427ff00000,0x0000004280000000)]
  0x000001ad978cd700 JavaThread "Framework Event Dispatcher: Equinox Container: 478b5013-178a-431e-9f5c-62d07c57ae08" daemon [_thread_blocked, id=11960, stack(0x000000427f600000,0x000000427f700000)]
  0x000001ad978cdbe0 JavaThread "Start Level: Equinox Container: 478b5013-178a-431e-9f5c-62d07c57ae08" daemon [_thread_in_native, id=9632, stack(0x0000004200000000,0x0000004200100000)]
  0x000001ad978d72f0 JavaThread "SCR Component Actor" daemon [_thread_blocked, id=13564, stack(0x0000004200100000,0x0000004200200000)]
  0x000001ad9766f370 JavaThread "SCR Component Registry" daemon [_thread_blocked, id=5044, stack(0x0000004200300000,0x0000004200400000)]
  0x000001ad975e6b60 JavaThread "Worker-JM" [_thread_blocked, id=17772, stack(0x0000004200500000,0x0000004200600000)]
  0x000001ad975e7070 JavaThread "Worker-0" [_thread_blocked, id=22416, stack(0x0000004200700000,0x0000004200800000)]
  0x000001ad975e6650 JavaThread "Worker-1" [_thread_blocked, id=30952, stack(0x0000004200800000,0x0000004200900000)]
  0x000001ad986b6ab0 JavaThread "C2 CompilerThread1" daemon [_thread_in_native, id=15312, stack(0x0000004200900000,0x0000004200a00000)]
  0x000001ad975e5210 JavaThread "Java indexing" daemon [_thread_blocked, id=30624, stack(0x0000004200a00000,0x0000004200b00000)]

Other Threads:
  0x000001adfa9be990 VMThread "VM Thread" [stack: 0x000000427eb00000,0x000000427ec00000] [id=30172]
  0x000001ad95b58440 WatcherThread [stack: 0x000000427f800000,0x000000427f900000] [id=23088]
  0x000001adfa92d690 GCTaskThread "GC Thread#0" [stack: 0x000000427ea00000,0x000000427eb00000] [id=27056]
  0x000001ad9739f020 GCTaskThread "GC Thread#1" [stack: 0x000000427f900000,0x000000427fa00000] [id=6192]
  0x000001ad9739f2e0 GCTaskThread "GC Thread#2" [stack: 0x000000427fa00000,0x000000427fb00000] [id=19940]
  0x000001ad9755f790 GCTaskThread "GC Thread#3" [stack: 0x000000427fb00000,0x000000427fc00000] [id=10612]
  0x000001ad97561cd0 GCTaskThread "GC Thread#4" [stack: 0x000000427fc00000,0x000000427fd00000] [id=30748]
  0x000001ad97561f90 GCTaskThread "GC Thread#5" [stack: 0x000000427fd00000,0x000000427fe00000] [id=29928]
  0x000001ad97562250 GCTaskThread "GC Thread#6" [stack: 0x000000427fe00000,0x000000427ff00000] [id=9952]
  0x000001ad97874170 GCTaskThread "GC Thread#7" [stack: 0x0000004200200000,0x0000004200300000] [id=29476]
  0x000001ad9760bc80 GCTaskThread "GC Thread#8" [stack: 0x0000004200400000,0x0000004200500000] [id=20076]
  0x000001ad9716b820 GCTaskThread "GC Thread#9" [stack: 0x0000004200600000,0x0000004200700000] [id=18352]

Threads with active compile tasks:
C2 CompilerThread0     7453 2301       4       org.lombokweb.asm.ClassReader::readMethod (1066 bytes)
C1 CompilerThread0     7453 2413       3       jdk.internal.reflect.UnsafeFieldAccessorImpl::<init> (56 bytes)
C2 CompilerThread1     7453 2396       4       org.lombokweb.asm.ClassWriter::visitMethod (57 bytes)

VM state: not at safepoint (normal execution)

VM Mutex/Monitor currently owned by a thread: None

Heap address: 0x00000000c0000000, size: 1024 MB, Compressed Oops mode: 32-bit

CDS archive(s) not mapped
Compressed class space mapped at: 0x0000000100000000-0x0000000140000000, reserved size: 1073741824
Narrow klass base: 0x0000000000000000, Narrow klass shift: 3, Narrow klass range: 0x140000000

GC Precious Log:
 CPUs: 12 total, 12 available
 Memory: 7597M
 Large Page Support: Disabled
 NUMA Support: Disabled
 Compressed Oops: Enabled (32-bit)
 Alignments: Space 512K, Generation 512K, Heap 2M
 Heap Min Capacity: 100M
 Heap Initial Capacity: 100M
 Heap Max Capacity: 1G
 Pre-touch: Disabled
 Parallel Workers: 10

Heap:
 PSYoungGen      total 26624K, used 9813K [0x00000000eab00000, 0x00000000ec880000, 0x0000000100000000)
  eden space 24576K, 31% used [0x00000000eab00000,0x00000000eb296c70,0x00000000ec300000)
  from space 2048K, 99% used [0x00000000ec680000,0x00000000ec87ea20,0x00000000ec880000)
  to   space 2560K, 0% used [0x00000000ec380000,0x00000000ec380000,0x00000000ec600000)
 ParOldGen       total 68608K, used 7055K [0x00000000c0000000, 0x00000000c4300000, 0x00000000eab00000)
  object space 68608K, 10% used [0x00000000c0000000,0x00000000c06e3fc8,0x00000000c4300000)
 Metaspace       used 27052K, committed 27520K, reserved 1114112K
  class space    used 2604K, committed 2752K, reserved 1048576K

Card table byte_map: [0x000001adfef60000,0x000001adff170000] _byte_map_base: 0x000001adfe960000

Marking Bits: (ParMarkBitMap*) 0x00007ff93a3a58b0
 Begin Bits: [0x000001ad8f000000, 0x000001ad90000000)
 End Bits:   [0x000001ad90000000, 0x000001ad91000000)

Polling page: 0x000001adfa9c0000

Metaspace:

Usage:
  Non-class:     23.87 MB used.
      Class:      2.54 MB used.
       Both:     26.42 MB used.

Virtual space:
  Non-class space:       64.00 MB reserved,      24.19 MB ( 38%) committed,  1 nodes.
      Class space:        1.00 GB reserved,       2.69 MB ( <1%) committed,  1 nodes.
             Both:        1.06 GB reserved,      26.88 MB (  2%) committed. 

Chunk freelists:
   Non-Class:  7.48 MB
       Class:  13.31 MB
        Both:  20.80 MB

MaxMetaspaceSize: unlimited
CompressedClassSpaceSize: 1.00 GB
Initial GC threshold: 21.00 MB
Current GC threshold: 35.00 MB
CDS: off
MetaspaceReclaimPolicy: balanced
 - commit_granule_bytes: 65536.
 - commit_granule_words: 8192.
 - virtual_space_node_default_size: 8388608.
 - enlarge_chunks_in_place: 1.
 - new_chunks_are_fully_committed: 0.
 - uncommit_free_chunks: 1.
 - use_allocation_guard: 0.
 - handle_deallocations: 1.


Internal statistics:

num_allocs_failed_limit: 3.
num_arena_births: 276.
num_arena_deaths: 14.
num_vsnodes_births: 2.
num_vsnodes_deaths: 0.
num_space_committed: 430.
num_space_uncommitted: 0.
num_chunks_returned_to_freelist: 17.
num_chunks_taken_from_freelist: 1006.
num_chunk_merges: 8.
num_chunk_splits: 669.
num_chunks_enlarged: 465.
num_inconsistent_stats: 0.

CodeHeap 'non-profiled nmethods': size=120000Kb used=984Kb max_used=984Kb free=119015Kb
 bounds [0x000001ad87ad0000, 0x000001ad87d40000, 0x000001ad8f000000]
CodeHeap 'profiled nmethods': size=120000Kb used=4800Kb max_used=4800Kb free=115199Kb
 bounds [0x000001ad80000000, 0x000001ad804c0000, 0x000001ad87530000]
CodeHeap 'non-nmethods': size=5760Kb used=1228Kb max_used=1246Kb free=4531Kb
 bounds [0x000001ad87530000, 0x000001ad877a0000, 0x000001ad87ad0000]
 total_blobs=2947 nmethods=2409 adapters=452
 compilation: enabled
              stopped_count=0, restarted_count=0
 full_count=0

Compilation events (20 events):
Event: 7.355 Thread 0x000001ad958370e0 nmethod 2402 0x000001ad804a7710 code [0x000001ad804a78a0, 0x000001ad804a79b8]
Event: 7.357 Thread 0x000001ad958370e0 2403       3       lombok.launch.PackageShader::apply (252 bytes)
Event: 7.358 Thread 0x000001ad958370e0 nmethod 2403 0x000001ad804a7a90 code [0x000001ad804a7cc0, 0x000001ad804a87c8]
Event: 7.395 Thread 0x000001ad958370e0 2404       3       java.io.File::getCanonicalPath (31 bytes)
Event: 7.395 Thread 0x000001ad958370e0 nmethod 2404 0x000001ad804a8d90 code [0x000001ad804a8f60, 0x000001ad804a9238]
Event: 7.395 Thread 0x000001ad958370e0 2405       3       java.io.WinNTFileSystem::canonicalize (372 bytes)
Event: 7.401 Thread 0x000001ad958370e0 nmethod 2405 0x000001ad804a9390 code [0x000001ad804a99c0, 0x000001ad804acb58]
Event: 7.402 Thread 0x000001ad958370e0 2406       3       sun.net.util.IPAddressUtil::checkExternalForm (70 bytes)
Event: 7.404 Thread 0x000001ad958370e0 nmethod 2406 0x000001ad804adc10 code [0x000001ad804adee0, 0x000001ad804aeb58]
Event: 7.404 Thread 0x000001ad958370e0 2407       3       java.net.URI::toURL (5 bytes)
Event: 7.404 Thread 0x000001ad958370e0 nmethod 2407 0x000001ad804af010 code [0x000001ad804af1a0, 0x000001ad804af2c8]
Event: 7.412 Thread 0x000001ad958370e0 2408       3       java.lang.reflect.Field::copy (80 bytes)
Event: 7.413 Thread 0x000001ad958370e0 nmethod 2408 0x000001ad804af390 code [0x000001ad804af540, 0x000001ad804af878]
Event: 7.414 Thread 0x000001ad958370e0 2409       3       java.lang.reflect.Field::getFieldAccessor (16 bytes)
Event: 7.415 Thread 0x000001ad958370e0 nmethod 2409 0x000001ad804af990 code [0x000001ad804afb20, 0x000001ad804afc98]
Event: 7.415 Thread 0x000001ad958370e0 2410       3       jdk.internal.reflect.ReflectionFactory::newFieldAccessor (83 bytes)
Event: 7.415 Thread 0x000001ad958370e0 nmethod 2410 0x000001ad87bc5090 code [0x000001ad87bc5280, 0x000001ad87bc5898]
Event: 7.416 Thread 0x000001ad958370e0 2414       3       jdk.internal.reflect.FieldAccessorImpl::<init> (5 bytes)
Event: 7.416 Thread 0x000001ad958370e0 nmethod 2414 0x000001ad804afd10 code [0x000001ad804afec0, 0x000001ad804b0078]
Event: 7.416 Thread 0x000001ad958370e0 2413       3       jdk.internal.reflect.UnsafeFieldAccessorImpl::<init> (56 bytes)

GC Heap History (14 events):
Event: 1.115 GC heap before
{Heap before GC invocations=1 (full 0):
 PSYoungGen      total 29696K, used 25600K [0x00000000eab00000, 0x00000000ecc00000, 0x0000000100000000)
  eden space 25600K, 100% used [0x00000000eab00000,0x00000000ec400000,0x00000000ec400000)
  from space 4096K, 0% used [0x00000000ec800000,0x00000000ec800000,0x00000000ecc00000)
  to   space 4096K, 0% used [0x00000000ec400000,0x00000000ec400000,0x00000000ec800000)
 ParOldGen       total 68608K, used 0K [0x00000000c0000000, 0x00000000c4300000, 0x00000000eab00000)
  object space 68608K, 0% used [0x00000000c0000000,0x00000000c0000000,0x00000000c4300000)
 Metaspace       used 10972K, committed 11200K, reserved 1114112K
  class space    used 1091K, committed 1216K, reserved 1048576K
}
Event: 1.121 GC heap after
{Heap after GC invocations=1 (full 0):
 PSYoungGen      total 29696K, used 3149K [0x00000000eab00000, 0x00000000ecc00000, 0x0000000100000000)
  eden space 25600K, 0% used [0x00000000eab00000,0x00000000eab00000,0x00000000ec400000)
  from space 4096K, 76% used [0x00000000ec400000,0x00000000ec713758,0x00000000ec800000)
  to   space 4096K, 0% used [0x00000000ec800000,0x00000000ec800000,0x00000000ecc00000)
 ParOldGen       total 68608K, used 16K [0x00000000c0000000, 0x00000000c4300000, 0x00000000eab00000)
  object space 68608K, 0% used [0x00000000c0000000,0x00000000c0004000,0x00000000c4300000)
 Metaspace       used 10972K, committed 11200K, reserved 1114112K
  class space    used 1091K, committed 1216K, reserved 1048576K
}
Event: 5.526 GC heap before
{Heap before GC invocations=2 (full 0):
 PSYoungGen      total 29696K, used 28749K [0x00000000eab00000, 0x00000000ecc00000, 0x0000000100000000)
  eden space 25600K, 100% used [0x00000000eab00000,0x00000000ec400000,0x00000000ec400000)
  from space 4096K, 76% used [0x00000000ec400000,0x00000000ec713758,0x00000000ec800000)
  to   space 4096K, 0% used [0x00000000ec800000,0x00000000ec800000,0x00000000ecc00000)
 ParOldGen       total 68608K, used 16K [0x00000000c0000000, 0x00000000c4300000, 0x00000000eab00000)
  object space 68608K, 0% used [0x00000000c0000000,0x00000000c0004000,0x00000000c4300000)
 Metaspace       used 14860K, committed 15104K, reserved 1114112K
  class space    used 1509K, committed 1664K, reserved 1048576K
}
Event: 5.534 GC heap after
{Heap after GC invocations=2 (full 0):
 PSYoungGen      total 29696K, used 4068K [0x00000000eab00000, 0x00000000ecc00000, 0x0000000100000000)
  eden space 25600K, 0% used [0x00000000eab00000,0x00000000eab00000,0x00000000ec400000)
  from space 4096K, 99% used [0x00000000ec800000,0x00000000ecbf92e0,0x00000000ecc00000)
  to   space 4096K, 0% used [0x00000000ec400000,0x00000000ec400000,0x00000000ec800000)
 ParOldGen       total 68608K, used 804K [0x00000000c0000000, 0x00000000c4300000, 0x00000000eab00000)
  object space 68608K, 1% used [0x00000000c0000000,0x00000000c00c91d0,0x00000000c4300000)
 Metaspace       used 14860K, committed 15104K, reserved 1114112K
  class space    used 1509K, committed 1664K, reserved 1048576K
}
Event: 6.526 GC heap before
{Heap before GC invocations=3 (full 0):
 PSYoungGen      total 29696K, used 29668K [0x00000000eab00000, 0x00000000ecc00000, 0x0000000100000000)
  eden space 25600K, 100% used [0x00000000eab00000,0x00000000ec400000,0x00000000ec400000)
  from space 4096K, 99% used [0x00000000ec800000,0x00000000ecbf92e0,0x00000000ecc00000)
  to   space 4096K, 0% used [0x00000000ec400000,0x00000000ec400000,0x00000000ec800000)
 ParOldGen       total 68608K, used 804K [0x00000000c0000000, 0x00000000c4300000, 0x00000000eab00000)
  object space 68608K, 1% used [0x00000000c0000000,0x00000000c00c91d0,0x00000000c4300000)
 Metaspace       used 19830K, committed 20288K, reserved 1114112K
  class space    used 2038K, committed 2240K, reserved 1048576K
}
Event: 6.534 GC heap after
{Heap after GC invocations=3 (full 0):
 PSYoungGen      total 29696K, used 4080K [0x00000000eab00000, 0x00000000ecc00000, 0x0000000100000000)
  eden space 25600K, 0% used [0x00000000eab00000,0x00000000eab00000,0x00000000ec400000)
  from space 4096K, 99% used [0x00000000ec400000,0x00000000ec7fc378,0x00000000ec800000)
  to   space 4096K, 0% used [0x00000000ec800000,0x00000000ec800000,0x00000000ecc00000)
 ParOldGen       total 68608K, used 2716K [0x00000000c0000000, 0x00000000c4300000, 0x00000000eab00000)
  object space 68608K, 3% used [0x00000000c0000000,0x00000000c02a73d8,0x00000000c4300000)
 Metaspace       used 19830K, committed 20288K, reserved 1114112K
  class space    used 2038K, committed 2240K, reserved 1048576K
}
Event: 6.675 GC heap before
{Heap before GC invocations=4 (full 0):
 PSYoungGen      total 29696K, used 11031K [0x00000000eab00000, 0x00000000ecc00000, 0x0000000100000000)
  eden space 25600K, 27% used [0x00000000eab00000,0x00000000eb1c9890,0x00000000ec400000)
  from space 4096K, 99% used [0x00000000ec400000,0x00000000ec7fc378,0x00000000ec800000)
  to   space 4096K, 0% used [0x00000000ec800000,0x00000000ec800000,0x00000000ecc00000)
 ParOldGen       total 68608K, used 2716K [0x00000000c0000000, 0x00000000c4300000, 0x00000000eab00000)
  object space 68608K, 3% used [0x00000000c0000000,0x00000000c02a73d8,0x00000000c4300000)
 Metaspace       used 21064K, committed 21504K, reserved 1114112K
  class space    used 2174K, committed 2368K, reserved 1048576K
}
Event: 6.680 GC heap after
{Heap after GC invocations=4 (full 0):
 PSYoungGen      total 29696K, used 4085K [0x00000000eab00000, 0x00000000ecc00000, 0x0000000100000000)
  eden space 25600K, 0% used [0x00000000eab00000,0x00000000eab00000,0x00000000ec400000)
  from space 4096K, 99% used [0x00000000ec800000,0x00000000ecbfd4c8,0x00000000ecc00000)
  to   space 4096K, 0% used [0x00000000ec400000,0x00000000ec400000,0x00000000ec800000)
 ParOldGen       total 68608K, used 3116K [0x00000000c0000000, 0x00000000c4300000, 0x00000000eab00000)
  object space 68608K, 4% used [0x00000000c0000000,0x00000000c030b3e8,0x00000000c4300000)
 Metaspace       used 21064K, committed 21504K, reserved 1114112K
  class space    used 2174K, committed 2368K, reserved 1048576K
}
Event: 6.680 GC heap before
{Heap before GC invocations=5 (full 1):
 PSYoungGen      total 29696K, used 4085K [0x00000000eab00000, 0x00000000ecc00000, 0x0000000100000000)
  eden space 25600K, 0% used [0x00000000eab00000,0x00000000eab00000,0x00000000ec400000)
  from space 4096K, 99% used [0x00000000ec800000,0x00000000ecbfd4c8,0x00000000ecc00000)
  to   space 4096K, 0% used [0x00000000ec400000,0x00000000ec400000,0x00000000ec800000)
 ParOldGen       total 68608K, used 3116K [0x00000000c0000000, 0x00000000c4300000, 0x00000000eab00000)
  object space 68608K, 4% used [0x00000000c0000000,0x00000000c030b3e8,0x00000000c4300000)
 Metaspace       used 21064K, committed 21504K, reserved 1114112K
  class space    used 2174K, committed 2368K, reserved 1048576K
}
Event: 6.715 GC heap after
{Heap after GC invocations=5 (full 1):
 PSYoungGen      total 29696K, used 0K [0x00000000eab00000, 0x00000000ecc00000, 0x0000000100000000)
  eden space 25600K, 0% used [0x00000000eab00000,0x00000000eab00000,0x00000000ec400000)
  from space 4096K, 0% used [0x00000000ec800000,0x00000000ec800000,0x00000000ecc00000)
  to   space 4096K, 0% used [0x00000000ec400000,0x00000000ec400000,0x00000000ec800000)
 ParOldGen       total 68608K, used 6961K [0x00000000c0000000, 0x00000000c4300000, 0x00000000eab00000)
  object space 68608K, 10% used [0x00000000c0000000,0x00000000c06cc738,0x00000000c4300000)
 Metaspace       used 21051K, committed 21504K, reserved 1114112K
  class space    used 2171K, committed 2368K, reserved 1048576K
}
Event: 7.011 GC heap before
{Heap before GC invocations=6 (full 1):
 PSYoungGen      total 29696K, used 25600K [0x00000000eab00000, 0x00000000ecc00000, 0x0000000100000000)
  eden space 25600K, 100% used [0x00000000eab00000,0x00000000ec400000,0x00000000ec400000)
  from space 4096K, 0% used [0x00000000ec800000,0x00000000ec800000,0x00000000ecc00000)
  to   space 4096K, 0% used [0x00000000ec400000,0x00000000ec400000,0x00000000ec800000)
 ParOldGen       total 68608K, used 6961K [0x00000000c0000000, 0x00000000c4300000, 0x00000000eab00000)
  object space 68608K, 10% used [0x00000000c0000000,0x00000000c06cc738,0x00000000c4300000)
 Metaspace       used 24099K, committed 24512K, reserved 1114112K
  class space    used 2375K, committed 2560K, reserved 1048576K
}
Event: 7.014 GC heap after
{Heap after GC invocations=6 (full 1):
 PSYoungGen      total 25600K, used 370K [0x00000000eab00000, 0x00000000ec880000, 0x0000000100000000)
  eden space 25088K, 0% used [0x00000000eab00000,0x00000000eab00000,0x00000000ec380000)
  from space 512K, 72% used [0x00000000ec400000,0x00000000ec45cba8,0x00000000ec480000)
  to   space 2048K, 0% used [0x00000000ec680000,0x00000000ec680000,0x00000000ec880000)
 ParOldGen       total 68608K, used 6969K [0x00000000c0000000, 0x00000000c4300000, 0x00000000eab00000)
  object space 68608K, 10% used [0x00000000c0000000,0x00000000c06ce738,0x00000000c4300000)
 Metaspace       used 24099K, committed 24512K, reserved 1114112K
  class space    used 2375K, committed 2560K, reserved 1048576K
}
Event: 7.279 GC heap before
{Heap before GC invocations=7 (full 1):
 PSYoungGen      total 25600K, used 25458K [0x00000000eab00000, 0x00000000ec880000, 0x0000000100000000)
  eden space 25088K, 100% used [0x00000000eab00000,0x00000000ec380000,0x00000000ec380000)
  from space 512K, 72% used [0x00000000ec400000,0x00000000ec45cba8,0x00000000ec480000)
  to   space 2048K, 0% used [0x00000000ec680000,0x00000000ec680000,0x00000000ec880000)
 ParOldGen       total 68608K, used 6969K [0x00000000c0000000, 0x00000000c4300000, 0x00000000eab00000)
  object space 68608K, 10% used [0x00000000c0000000,0x00000000c06ce738,0x00000000c4300000)
 Metaspace       used 26472K, committed 26880K, reserved 1114112K
  class space    used 2565K, committed 2752K, reserved 1048576K
}
Event: 7.281 GC heap after
{Heap after GC invocations=7 (full 1):
 PSYoungGen      total 26624K, used 2042K [0x00000000eab00000, 0x00000000ec880000, 0x0000000100000000)
  eden space 24576K, 0% used [0x00000000eab00000,0x00000000eab00000,0x00000000ec300000)
  from space 2048K, 99% used [0x00000000ec680000,0x00000000ec87ea20,0x00000000ec880000)
  to   space 2560K, 0% used [0x00000000ec380000,0x00000000ec380000,0x00000000ec600000)
 ParOldGen       total 68608K, used 7055K [0x00000000c0000000, 0x00000000c4300000, 0x00000000eab00000)
  object space 68608K, 10% used [0x00000000c0000000,0x00000000c06e3fc8,0x00000000c4300000)
 Metaspace       used 26472K, committed 26880K, reserved 1114112K
  class space    used 2565K, committed 2752K, reserved 1048576K
}

Dll operation events (11 events):
Event: 0.065 Loaded shared library c:\Users\varun\.vscode\extensions\redhat.java-1.34.0-win32-x64\jre\17.0.12-win32-x86_64\bin\java.dll
Event: 0.251 Loaded shared library c:\Users\varun\.vscode\extensions\redhat.java-1.34.0-win32-x64\jre\17.0.12-win32-x86_64\bin\zip.dll
Event: 0.254 Loaded shared library C:\Users\varun\.vscode\extensions\redhat.java-1.34.0-win32-x64\jre\17.0.12-win32-x86_64\bin\instrument.dll
Event: 0.269 Loaded shared library C:\Users\varun\.vscode\extensions\redhat.java-1.34.0-win32-x64\jre\17.0.12-win32-x86_64\bin\net.dll
Event: 0.273 Loaded shared library C:\Users\varun\.vscode\extensions\redhat.java-1.34.0-win32-x64\jre\17.0.12-win32-x86_64\bin\nio.dll
Event: 0.278 Loaded shared library C:\Users\varun\.vscode\extensions\redhat.java-1.34.0-win32-x64\jre\17.0.12-win32-x86_64\bin\zip.dll
Event: 0.295 Loaded shared library C:\Users\varun\.vscode\extensions\redhat.java-1.34.0-win32-x64\jre\17.0.12-win32-x86_64\bin\jimage.dll
Event: 0.379 Loaded shared library c:\Users\varun\.vscode\extensions\redhat.java-1.34.0-win32-x64\jre\17.0.12-win32-x86_64\bin\verify.dll
Event: 5.354 Loaded shared library C:\Users\varun\AppData\Roaming\Code\User\globalStorage\redhat.java\1.34.0\config_ss_win\org.eclipse.equinox.launcher\org.eclipse.equinox.launcher.win32.win32.x86_64_1.2.1100.v20240722-2106\eclipse_11904.dll
Event: 6.447 Loaded shared library C:\Users\varun\.vscode\extensions\redhat.java-1.34.0-win32-x64\jre\17.0.12-win32-x86_64\bin\management.dll
Event: 6.497 Loaded shared library C:\Users\varun\.vscode\extensions\redhat.java-1.34.0-win32-x64\jre\17.0.12-win32-x86_64\bin\management_ext.dll

Deoptimization events (20 events):
Event: 5.998 Thread 0x000001ad978cdbe0 Uncommon trap: trap_request=0xffffffc6 fr.pc=0x000001ad87b89abc relative=0x0000000000000d7c
Event: 5.998 Thread 0x000001ad978cdbe0 Uncommon trap: reason=bimorphic_or_optimized_type_check action=maybe_recompile pc=0x000001ad87b89abc method=java.io.DataInputStream.readInt()I @ 6 c2
Event: 5.998 Thread 0x000001ad978cdbe0 DEOPT PACKING pc=0x000001ad87b89abc sp=0x00000042000f3a10
Event: 5.998 Thread 0x000001ad978cdbe0 DEOPT UNPACKING pc=0x000001ad875866a3 sp=0x00000042000f39c8 mode 2
Event: 6.125 Thread 0x000001ad978cdbe0 Uncommon trap: trap_request=0xffffff45 fr.pc=0x000001ad87b09fc8 relative=0x0000000000000e88
Event: 6.125 Thread 0x000001ad978cdbe0 Uncommon trap: reason=unstable_if action=reinterpret pc=0x000001ad87b09fc8 method=lombok.patcher.PatchScript.classMatches(Ljava/lang/String;Ljava/util/Collection;)Z @ 25 c2
Event: 6.125 Thread 0x000001ad978cdbe0 DEOPT PACKING pc=0x000001ad87b09fc8 sp=0x00000042000f2060
Event: 6.125 Thread 0x000001ad978cdbe0 DEOPT UNPACKING pc=0x000001ad875866a3 sp=0x00000042000f2020 mode 2
Event: 6.506 Thread 0x000001ad978cdbe0 Uncommon trap: trap_request=0xffffff45 fr.pc=0x000001ad87b630d4 relative=0x0000000000000994
Event: 6.506 Thread 0x000001ad978cdbe0 Uncommon trap: reason=unstable_if action=reinterpret pc=0x000001ad87b630d4 method=java.util.HashMap.putVal(ILjava/lang/Object;Ljava/lang/Object;ZZ)Ljava/lang/Object; @ 236 c2
Event: 6.506 Thread 0x000001ad978cdbe0 DEOPT PACKING pc=0x000001ad87b630d4 sp=0x00000042000f4050
Event: 6.506 Thread 0x000001ad978cdbe0 DEOPT UNPACKING pc=0x000001ad875866a3 sp=0x00000042000f3fd8 mode 2
Event: 6.522 Thread 0x000001ad978cdbe0 Uncommon trap: trap_request=0xffffff45 fr.pc=0x000001ad87b9d2c8 relative=0x0000000000000f28
Event: 6.522 Thread 0x000001ad978cdbe0 Uncommon trap: reason=unstable_if action=reinterpret pc=0x000001ad87b9d2c8 method=java.util.Properties.loadConvert([CIILjava/lang/StringBuilder;)Ljava/lang/String; @ 491 c2
Event: 6.522 Thread 0x000001ad978cdbe0 DEOPT PACKING pc=0x000001ad87b9d2c8 sp=0x00000042000f2c00
Event: 6.522 Thread 0x000001ad978cdbe0 DEOPT UNPACKING pc=0x000001ad875866a3 sp=0x00000042000f2be0 mode 2
Event: 7.124 Thread 0x000001ad978cdbe0 Uncommon trap: trap_request=0xffffff45 fr.pc=0x000001ad87bba9d4 relative=0x0000000000000334
Event: 7.124 Thread 0x000001ad978cdbe0 Uncommon trap: reason=unstable_if action=reinterpret pc=0x000001ad87bba9d4 method=org.lombokweb.asm.Label.resolve([BLorg/lombokweb/asm/ByteVector;I)Z @ 81 c2
Event: 7.124 Thread 0x000001ad978cdbe0 DEOPT PACKING pc=0x000001ad87bba9d4 sp=0x00000042000eead0
Event: 7.124 Thread 0x000001ad978cdbe0 DEOPT UNPACKING pc=0x000001ad875866a3 sp=0x00000042000ee9d8 mode 2

Classes loaded (20 events):
Event: 6.744 Loading class java/io/StringReader
Event: 6.744 Loading class java/io/StringReader done
Event: 6.750 Loading class java/util/zip/GZIPInputStream
Event: 6.750 Loading class java/util/zip/GZIPInputStream done
Event: 6.753 Loading class java/net/SocketTimeoutException
Event: 6.753 Loading class java/io/InterruptedIOException
Event: 6.754 Loading class java/io/InterruptedIOException done
Event: 6.754 Loading class java/net/SocketTimeoutException done
Event: 6.754 Loading class java/net/SocketException
Event: 6.754 Loading class java/net/SocketException done
Event: 6.754 Loading class java/net/UnknownHostException
Event: 6.754 Loading class java/net/UnknownHostException done
Event: 6.754 Loading class java/net/ProtocolException
Event: 6.754 Loading class java/net/ProtocolException done
Event: 6.770 Loading class java/lang/ThreadLocal$SuppliedThreadLocal
Event: 6.771 Loading class java/lang/ThreadLocal$SuppliedThreadLocal done
Event: 6.782 Loading class java/io/FileWriter
Event: 6.782 Loading class java/io/FileWriter done
Event: 6.782 Loading class java/lang/NegativeArraySizeException
Event: 6.782 Loading class java/lang/NegativeArraySizeException done

Classes unloaded (7 events):
Event: 6.685 Thread 0x000001adfa9be990 Unloading class 0x000000010021b400 'java/lang/invoke/LambdaForm$MH+0x000000010021b400'
Event: 6.685 Thread 0x000001adfa9be990 Unloading class 0x000000010021b000 'java/lang/invoke/LambdaForm$MH+0x000000010021b000'
Event: 6.685 Thread 0x000001adfa9be990 Unloading class 0x000000010021ac00 'java/lang/invoke/LambdaForm$MH+0x000000010021ac00'
Event: 6.685 Thread 0x000001adfa9be990 Unloading class 0x000000010021a800 'java/lang/invoke/LambdaForm$MH+0x000000010021a800'
Event: 6.685 Thread 0x000001adfa9be990 Unloading class 0x000000010021a400 'java/lang/invoke/LambdaForm$BMH+0x000000010021a400'
Event: 6.685 Thread 0x000001adfa9be990 Unloading class 0x000000010021a000 'java/lang/invoke/LambdaForm$DMH+0x000000010021a000'
Event: 6.685 Thread 0x000001adfa9be990 Unloading class 0x0000000100214400 'java/lang/invoke/LambdaForm$DMH+0x0000000100214400'

Classes redefined (0 events):
No events

Internal exceptions (20 events):
Event: 6.610 Thread 0x000001ad978cdbe0 Exception <a 'java/lang/NoSuchMethodError'{0x00000000eae83748}: 'java.lang.Object java.lang.invoke.DirectMethodHandle$Holder.invokeSpecial(java.lang.Object, java.lang.Object, java.lang.Object, long, java.lang.Object)'> (0x00000000eae83748) 
thrown [s\src\hotspot\share\interpreter\linkResolver.cpp, line 759]
Event: 6.610 Thread 0x000001ad978cdbe0 Exception <a 'java/lang/NoSuchMethodError'{0x00000000eae8b900}: 'java.lang.Object java.lang.invoke.DirectMethodHandle$Holder.newInvokeSpecial(java.lang.Object, java.lang.Object, java.lang.Object, long)'> (0x00000000eae8b900) 
thrown [s\src\hotspot\share\interpreter\linkResolver.cpp, line 759]
Event: 6.611 Thread 0x000001ad978cdbe0 Exception <a 'java/lang/NoSuchMethodError'{0x00000000eae8fea0}: 'java.lang.Object java.lang.invoke.DirectMethodHandle$Holder.invokeSpecial(java.lang.Object, java.lang.Object, java.lang.Object, java.lang.Object, long)'> (0x00000000eae8fea0) 
thrown [s\src\hotspot\share\interpreter\linkResolver.cpp, line 759]
Event: 6.611 Thread 0x000001ad978cdbe0 Exception <a 'java/lang/NoSuchMethodError'{0x00000000eae93d18}: 'java.lang.Object java.lang.invoke.Invokers$Holder.linkToTargetMethod(java.lang.Object, java.lang.Object, long, java.lang.Object)'> (0x00000000eae93d18) 
thrown [s\src\hotspot\share\interpreter\linkResolver.cpp, line 759]
Event: 6.637 Thread 0x000001ad978cdbe0 Exception <a 'java/lang/IncompatibleClassChangeError'{0x00000000eaf9adb8}: Found class java.lang.Object, but interface was expected> (0x00000000eaf9adb8) 
thrown [s\src\hotspot\share\interpreter\linkResolver.cpp, line 826]
Event: 6.638 Thread 0x000001ad978cdbe0 Exception <a 'java/lang/NoSuchMethodError'{0x00000000eaf9eef0}: 'java.lang.Object java.lang.invoke.DirectMethodHandle$Holder.invokeSpecial(java.lang.Object, java.lang.Object, java.lang.Object, int, java.lang.Object, java.lang.Object)'> (0x00000000eaf9eef0) 
thrown [s\src\hotspot\share\interpreter\linkResolver.cpp, line 759]
Event: 6.638 Thread 0x000001ad978cdbe0 Exception <a 'java/lang/NoSuchMethodError'{0x00000000eafa7678}: 'java.lang.Object java.lang.invoke.DirectMethodHandle$Holder.newInvokeSpecial(java.lang.Object, java.lang.Object, java.lang.Object, int, java.lang.Object)'> (0x00000000eafa7678) 
thrown [s\src\hotspot\share\interpreter\linkResolver.cpp, line 759]
Event: 6.638 Thread 0x000001ad978cdbe0 Exception <a 'java/lang/NoSuchMethodError'{0x00000000eafabad0}: 'java.lang.Object java.lang.invoke.DirectMethodHandle$Holder.invokeSpecial(java.lang.Object, java.lang.Object, java.lang.Object, java.lang.Object, int, java.lang.Object)'> (0x00000000eafabad0) 
thrown [s\src\hotspot\share\interpreter\linkResolver.cpp, line 759]
Event: 6.639 Thread 0x000001ad975e7070 Exception <a 'java/lang/NoSuchMethodError'{0x00000000eaec8358}: 'java.lang.Object java.lang.invoke.DirectMethodHandle$Holder.invokeSpecial(java.lang.Object, java.lang.Object, int, java.lang.Object, java.lang.Object)'> (0x00000000eaec8358) 
thrown [s\src\hotspot\share\interpreter\linkResolver.cpp, line 759]
Event: 6.640 Thread 0x000001ad975e7070 Exception <a 'java/lang/NoSuchMethodError'{0x00000000eaecfa28}: 'java.lang.Object java.lang.invoke.DirectMethodHandle$Holder.newInvokeSpecial(java.lang.Object, java.lang.Object, int, java.lang.Object)'> (0x00000000eaecfa28) 
thrown [s\src\hotspot\share\interpreter\linkResolver.cpp, line 759]
Event: 6.640 Thread 0x000001ad975e7070 Exception <a 'java/lang/NoSuchMethodError'{0x00000000eaed3538}: 'java.lang.Object java.lang.invoke.DirectMethodHandle$Holder.invokeSpecial(java.lang.Object, java.lang.Object, java.lang.Object, int, java.lang.Object)'> (0x00000000eaed3538) 
thrown [s\src\hotspot\share\interpreter\linkResolver.cpp, line 759]
Event: 6.722 Thread 0x000001ad978cdbe0 Exception <a 'java/lang/NoSuchMethodError'{0x00000000eab966c8}: 'double java.lang.invoke.DirectMethodHandle$Holder.invokeStatic(java.lang.Object, java.lang.Object)'> (0x00000000eab966c8) 
thrown [s\src\hotspot\share\interpreter\linkResolver.cpp, line 759]
Event: 6.722 Thread 0x000001ad978cdbe0 Exception <a 'java/lang/NoSuchMethodError'{0x00000000eab99fe0}: 'double java.lang.invoke.DirectMethodHandle$Holder.invokeStaticInit(java.lang.Object, java.lang.Object)'> (0x00000000eab99fe0) 
thrown [s\src\hotspot\share\interpreter\linkResolver.cpp, line 759]
Event: 6.846 Thread 0x000001ad978cdbe0 Exception <a 'java/io/FileNotFoundException'{0x00000000ebbfcf08}> (0x00000000ebbfcf08) 
thrown [s\src\hotspot\share\prims\jni.cpp, line 516]
Event: 6.846 Thread 0x000001ad978cdbe0 Exception <a 'java/io/FileNotFoundException'{0x00000000ebbfdd20}> (0x00000000ebbfdd20) 
thrown [s\src\hotspot\share\prims\jni.cpp, line 516]
Event: 6.847 Thread 0x000001ad978cdbe0 Exception <a 'java/io/FileNotFoundException'{0x00000000ebbfec80}> (0x00000000ebbfec80) 
thrown [s\src\hotspot\share\prims\jni.cpp, line 516]
Event: 7.042 Thread 0x000001ad978cdbe0 Exception <a 'java/lang/NoSuchMethodError'{0x00000000eac31f80}: 'int java.lang.invoke.DirectMethodHandle$Holder.invokeStaticInit(java.lang.Object, java.lang.Object, java.lang.Object)'> (0x00000000eac31f80) 
thrown [s\src\hotspot\share\interpreter\linkResolver.cpp, line 759]
Event: 7.223 Thread 0x000001ad978cdbe0 Exception <a 'java/io/FileNotFoundException'{0x00000000eb799e00}> (0x00000000eb799e00) 
thrown [s\src\hotspot\share\prims\jni.cpp, line 516]
Event: 7.224 Thread 0x000001ad978cdbe0 Exception <a 'java/lang/NoSuchMethodError'{0x00000000eb7a1f50}: 'java.lang.Object java.lang.invoke.DirectMethodHandle$Holder.newInvokeSpecial(java.lang.Object, int, java.lang.Object, java.lang.Object)'> (0x00000000eb7a1f50) 
thrown [s\src\hotspot\share\interpreter\linkResolver.cpp, line 759]
Event: 7.266 Thread 0x000001ad978cdbe0 Exception <a 'java/io/FileNotFoundException'{0x00000000ec32c818}> (0x00000000ec32c818) 
thrown [s\src\hotspot\share\prims\jni.cpp, line 516]

VM Operations (20 events):
Event: 5.471 Executing VM operation: Cleanup
Event: 5.472 Executing VM operation: Cleanup done
Event: 5.526 Executing VM operation: ParallelGCFailedAllocation
Event: 5.534 Executing VM operation: ParallelGCFailedAllocation done
Event: 5.999 Executing VM operation: HandshakeAllThreads
Event: 5.999 Executing VM operation: HandshakeAllThreads done
Event: 6.151 Executing VM operation: HandshakeAllThreads
Event: 6.151 Executing VM operation: HandshakeAllThreads done
Event: 6.526 Executing VM operation: ParallelGCFailedAllocation
Event: 6.534 Executing VM operation: ParallelGCFailedAllocation done
Event: 6.655 Executing VM operation: HandshakeAllThreads
Event: 6.656 Executing VM operation: HandshakeAllThreads done
Event: 6.675 Executing VM operation: CollectForMetadataAllocation
Event: 6.715 Executing VM operation: CollectForMetadataAllocation done
Event: 7.011 Executing VM operation: ParallelGCFailedAllocation
Event: 7.014 Executing VM operation: ParallelGCFailedAllocation done
Event: 7.279 Executing VM operation: ParallelGCFailedAllocation
Event: 7.281 Executing VM operation: ParallelGCFailedAllocation done
Event: 7.405 Executing VM operation: HandshakeAllThreads
Event: 7.405 Executing VM operation: HandshakeAllThreads done

Events (20 events):
Event: 0.168 Thread 0x000001ad95835e90 Thread added: 0x000001ad95835e90
Event: 0.168 Thread 0x000001ad958370e0 Thread added: 0x000001ad958370e0
Event: 0.168 Thread 0x000001ad9583aa30 Thread added: 0x000001ad9583aa30
Event: 0.210 Thread 0x000001ad958dfbf0 Thread added: 0x000001ad958dfbf0
Event: 0.241 Thread 0x000001ad95a03b70 Thread added: 0x000001ad95a03b70
Event: 0.496 Thread 0x000001ad95b7da70 Thread added: 0x000001ad95b7da70
Event: 1.465 Thread 0x000001ad977d2190 Thread added: 0x000001ad977d2190
Event: 1.656 Thread 0x000001ad95a03b70 Thread exited: 0x000001ad95a03b70
Event: 5.337 Thread 0x000001ad978cd700 Thread added: 0x000001ad978cd700
Event: 5.346 Thread 0x000001ad978cdbe0 Thread added: 0x000001ad978cdbe0
Event: 5.395 Thread 0x000001ad978d72f0 Thread added: 0x000001ad978d72f0
Event: 5.604 Thread 0x000001ad9766f370 Thread added: 0x000001ad9766f370
Event: 5.798 Thread 0x000001ad9716b600 Thread added: 0x000001ad9716b600
Event: 6.047 Thread 0x000001ad975e6b60 Thread added: 0x000001ad975e6b60
Event: 6.452 Thread 0x000001ad9716b600 Thread exited: 0x000001ad9716b600
Event: 6.620 Thread 0x000001ad975e7070 Thread added: 0x000001ad975e7070
Event: 6.640 Thread 0x000001ad975e6650 Thread added: 0x000001ad975e6650
Event: 6.806 Thread 0x000001ad977010a0 Thread added: 0x000001ad977010a0
Event: 6.959 Thread 0x000001ad977010a0 Thread exited: 0x000001ad977010a0
Event: 7.184 Thread 0x000001ad986b6ab0 Thread added: 0x000001ad986b6ab0


Dynamic libraries:
0x00007ff7ad3b0000 - 0x00007ff7ad3be000 	c:\Users\varun\.vscode\extensions\redhat.java-1.34.0-win32-x64\jre\17.0.12-win32-x86_64\bin\java.exe
0x00007ff9ce6b0000 - 0x00007ff9ce8c7000 	C:\WINDOWS\SYSTEM32\ntdll.dll
0x00007ff9cda20000 - 0x00007ff9cdae4000 	C:\WINDOWS\System32\KERNEL32.DLL
0x00007ff9cbe90000 - 0x00007ff9cc23d000 	C:\WINDOWS\System32\KERNELBASE.dll
0x00007ff9cb9d0000 - 0x00007ff9cbae1000 	C:\WINDOWS\System32\ucrtbase.dll
0x00007ff9c1e50000 - 0x00007ff9c1e67000 	c:\Users\varun\.vscode\extensions\redhat.java-1.34.0-win32-x64\jre\17.0.12-win32-x86_64\bin\jli.dll
0x00007ff9b9bc0000 - 0x00007ff9b9bdb000 	c:\Users\varun\.vscode\extensions\redhat.java-1.34.0-win32-x64\jre\17.0.12-win32-x86_64\bin\VCRUNTIME140.dll
0x00007ff9cd870000 - 0x00007ff9cda1e000 	C:\WINDOWS\System32\USER32.dll
0x00007ff9cc3b0000 - 0x00007ff9cc3d6000 	C:\WINDOWS\System32\win32u.dll
0x00007ff9cdd60000 - 0x00007ff9cdd89000 	C:\WINDOWS\System32\GDI32.dll
0x00007ff9cbaf0000 - 0x00007ff9cbc09000 	C:\WINDOWS\System32\gdi32full.dll
0x00007ff9bd770000 - 0x00007ff9bda03000 	C:\WINDOWS\WinSxS\amd64_microsoft.windows.common-controls_6595b64144ccf1df_6.0.22621.3672_none_2713b9d173822955\COMCTL32.dll
0x00007ff9cbdf0000 - 0x00007ff9cbe8a000 	C:\WINDOWS\System32\msvcp_win.dll
0x00007ff9cd1a0000 - 0x00007ff9cd247000 	C:\WINDOWS\System32\msvcrt.dll
0x00007ff9ce610000 - 0x00007ff9ce641000 	C:\WINDOWS\System32\IMM32.DLL
0x00007ff9c83b0000 - 0x00007ff9c83bc000 	c:\Users\varun\.vscode\extensions\redhat.java-1.34.0-win32-x64\jre\17.0.12-win32-x86_64\bin\vcruntime140_1.dll
0x00007ff985450000 - 0x00007ff9854dd000 	c:\Users\varun\.vscode\extensions\redhat.java-1.34.0-win32-x64\jre\17.0.12-win32-x86_64\bin\msvcp140.dll
0x00007ff939800000 - 0x00007ff93a46a000 	c:\Users\varun\.vscode\extensions\redhat.java-1.34.0-win32-x64\jre\17.0.12-win32-x86_64\bin\server\jvm.dll
0x00007ff9cc430000 - 0x00007ff9cc4e2000 	C:\WINDOWS\System32\ADVAPI32.dll
0x00007ff9cd6f0000 - 0x00007ff9cd799000 	C:\WINDOWS\System32\sechost.dll
0x00007ff9cbcd0000 - 0x00007ff9cbcf8000 	C:\WINDOWS\System32\bcrypt.dll
0x00007ff9cd080000 - 0x00007ff9cd194000 	C:\WINDOWS\System32\RPCRT4.dll
0x00007ff9cce40000 - 0x00007ff9cceb1000 	C:\WINDOWS\System32\WS2_32.dll
0x00007ff9c47d0000 - 0x00007ff9c47da000 	C:\WINDOWS\SYSTEM32\VERSION.dll
0x00007ff9c73a0000 - 0x00007ff9c73d4000 	C:\WINDOWS\SYSTEM32\WINMM.dll
0x00007ff9ca840000 - 0x00007ff9ca88d000 	C:\WINDOWS\SYSTEM32\POWRPROF.dll
0x00007ff9ca820000 - 0x00007ff9ca833000 	C:\WINDOWS\SYSTEM32\UMPDC.dll
0x00007ff9caad0000 - 0x00007ff9caae8000 	C:\WINDOWS\SYSTEM32\kernel.appcore.dll
0x00007ff9c1a70000 - 0x00007ff9c1a7a000 	c:\Users\varun\.vscode\extensions\redhat.java-1.34.0-win32-x64\jre\17.0.12-win32-x86_64\bin\jimage.dll
0x00007ff9c3760000 - 0x00007ff9c3992000 	C:\WINDOWS\SYSTEM32\DBGHELP.DLL
0x00007ff9cd250000 - 0x00007ff9cd5de000 	C:\WINDOWS\System32\combase.dll
0x00007ff9ccd60000 - 0x00007ff9cce37000 	C:\WINDOWS\System32\OLEAUT32.dll
0x00007ff99ed30000 - 0x00007ff99ed62000 	C:\WINDOWS\SYSTEM32\dbgcore.DLL
0x00007ff9cbd70000 - 0x00007ff9cbdeb000 	C:\WINDOWS\System32\bcryptPrimitives.dll
0x00007ff9c1970000 - 0x00007ff9c197e000 	c:\Users\varun\.vscode\extensions\redhat.java-1.34.0-win32-x64\jre\17.0.12-win32-x86_64\bin\instrument.dll
0x00007ff9b78d0000 - 0x00007ff9b78f5000 	c:\Users\varun\.vscode\extensions\redhat.java-1.34.0-win32-x64\jre\17.0.12-win32-x86_64\bin\java.dll
0x00007ff9b9ba0000 - 0x00007ff9b9bb8000 	c:\Users\varun\.vscode\extensions\redhat.java-1.34.0-win32-x64\jre\17.0.12-win32-x86_64\bin\zip.dll
0x00007ff9cc4f0000 - 0x00007ff9ccd57000 	C:\WINDOWS\System32\SHELL32.dll
0x00007ff9c9910000 - 0x00007ff9ca20f000 	C:\WINDOWS\SYSTEM32\windows.storage.dll
0x00007ff9c97d0000 - 0x00007ff9c990f000 	C:\WINDOWS\SYSTEM32\wintypes.dll
0x00007ff9cdaf0000 - 0x00007ff9cdbe9000 	C:\WINDOWS\System32\SHCORE.dll
0x00007ff9ce050000 - 0x00007ff9ce0ae000 	C:\WINDOWS\System32\shlwapi.dll
0x00007ff9cb900000 - 0x00007ff9cb927000 	C:\WINDOWS\SYSTEM32\profapi.dll
0x00007ff9b6e40000 - 0x00007ff9b6e59000 	C:\Users\varun\.vscode\extensions\redhat.java-1.34.0-win32-x64\jre\17.0.12-win32-x86_64\bin\net.dll
0x00007ff9c7850000 - 0x00007ff9c7986000 	C:\WINDOWS\SYSTEM32\WINHTTP.dll
0x00007ff9caf40000 - 0x00007ff9cafa9000 	C:\WINDOWS\system32\mswsock.dll
0x00007ff9b2260000 - 0x00007ff9b2276000 	C:\Users\varun\.vscode\extensions\redhat.java-1.34.0-win32-x64\jre\17.0.12-win32-x86_64\bin\nio.dll
0x00007ff9bf750000 - 0x00007ff9bf760000 	c:\Users\varun\.vscode\extensions\redhat.java-1.34.0-win32-x64\jre\17.0.12-win32-x86_64\bin\verify.dll
0x00007ff999f30000 - 0x00007ff999f75000 	C:\Users\varun\AppData\Roaming\Code\User\globalStorage\redhat.java\1.34.0\config_ss_win\org.eclipse.equinox.launcher\org.eclipse.equinox.launcher.win32.win32.x86_64_1.2.1100.v20240722-2106\eclipse_11904.dll
0x00007ff9cde30000 - 0x00007ff9cdfd5000 	C:\WINDOWS\System32\ole32.dll
0x00007ff9bf600000 - 0x00007ff9bf609000 	C:\Users\varun\.vscode\extensions\redhat.java-1.34.0-win32-x64\jre\17.0.12-win32-x86_64\bin\management.dll
0x00007ff9bf380000 - 0x00007ff9bf38b000 	C:\Users\varun\.vscode\extensions\redhat.java-1.34.0-win32-x64\jre\17.0.12-win32-x86_64\bin\management_ext.dll
0x00007ff9cd6e0000 - 0x00007ff9cd6e8000 	C:\WINDOWS\System32\PSAPI.DLL

dbghelp: loaded successfully - version: 4.0.5 - missing functions: none
symbol engine: initialized successfully - sym options: 0x614 - pdb path: .;c:\Users\varun\.vscode\extensions\redhat.java-1.34.0-win32-x64\jre\17.0.12-win32-x86_64\bin;C:\WINDOWS\SYSTEM32;C:\WINDOWS\WinSxS\amd64_microsoft.windows.common-controls_6595b64144ccf1df_6.0.22621.3672_none_2713b9d173822955;c:\Users\varun\.vscode\extensions\redhat.java-1.34.0-win32-x64\jre\17.0.12-win32-x86_64\bin\server;C:\Users\varun\AppData\Roaming\Code\User\globalStorage\redhat.java\1.34.0\config_ss_win\org.eclipse.equinox.launcher\org.eclipse.equinox.launcher.win32.win32.x86_64_1.2.1100.v20240722-2106

VM Arguments:
jvm_args: --add-modules=ALL-SYSTEM --add-opens=java.base/java.util=ALL-UNNAMED --add-opens=java.base/java.lang=ALL-UNNAMED --add-opens=java.base/sun.nio.fs=ALL-UNNAMED -Declipse.application=org.eclipse.jdt.ls.core.id1 -Dosgi.bundles.defaultStartLevel=4 -Declipse.product=org.eclipse.jdt.ls.core.product -Djava.import.generatesMetadataFilesAtProjectRoot=false -DDetectVMInstallationsJob.disabled=true -Dfile.encoding=utf8 -XX:+UseParallelGC -XX:GCTimeRatio=4 -XX:AdaptiveSizePolicyWeight=90 -Dsun.zip.disableMemoryMapping=true -Xmx1G -Xms100m -Xlog:disable -javaagent:c:\Users\varun\.vscode\extensions\redhat.java-1.34.0-win32-x64\lombok\lombok-1.18.33.jar 
java_command: c:\Users\varun\.vscode\extensions\redhat.java-1.34.0-win32-x64\server\plugins\org.eclipse.equinox.launcher_1.6.900.v20240613-2009.jar -configuration c:\Users\varun\AppData\Roaming\Code\User\globalStorage\redhat.java\1.34.0\config_ss_win -data c:\Users\varun\AppData\Roaming\Code\User\workspaceStorage\ae3c2b533d21d5c66214443c6b176387\redhat.java\ss_ws --pipe=\\.\pipe\lsp-2704cfc508928521533b6f4d83e981c2-sock
java_class_path (initial): c:\Users\varun\.vscode\extensions\redhat.java-1.34.0-win32-x64\server\plugins\org.eclipse.equinox.launcher_1.6.900.v20240613-2009.jar
Launcher Type: SUN_STANDARD

[Global flags]
    uintx AdaptiveSizePolicyWeight                 = 90                                        {product} {command line}
     intx CICompilerCount                          = 4                                         {product} {ergonomic}
    uintx GCTimeRatio                              = 4                                         {product} {command line}
   size_t InitialHeapSize                          = 104857600                                 {product} {command line}
   size_t MaxHeapSize                              = 1073741824                                {product} {command line}
   size_t MaxNewSize                               = 357564416                                 {product} {ergonomic}
   size_t MinHeapDeltaBytes                        = 524288                                    {product} {ergonomic}
   size_t MinHeapSize                              = 104857600                                 {product} {command line}
   size_t NewSize                                  = 34603008                                  {product} {ergonomic}
    uintx NonNMethodCodeHeapSize                   = 5839372                                {pd product} {ergonomic}
    uintx NonProfiledCodeHeapSize                  = 122909434                              {pd product} {ergonomic}
   size_t OldSize                                  = 70254592                                  {product} {ergonomic}
    uintx ProfiledCodeHeapSize                     = 122909434                              {pd product} {ergonomic}
    uintx ReservedCodeCacheSize                    = 251658240                              {pd product} {ergonomic}
     bool SegmentedCodeCache                       = true                                      {product} {ergonomic}
   size_t SoftMaxHeapSize                          = 1073741824                             {manageable} {ergonomic}
     bool UseCompressedClassPointers               = true                           {product lp64_product} {ergonomic}
     bool UseCompressedOops                        = true                           {product lp64_product} {ergonomic}
     bool UseLargePagesIndividualAllocation        = false                                  {pd product} {ergonomic}
     bool UseParallelGC                            = true                                      {product} {command line}

Logging:
Log output configuration:
 #0: stdout all=off uptime,level,tags
 #1: stderr all=off uptime,level,tags

Environment Variables:
PATH=C:\oraclexe\app\oracle\product\11.2.0\server\bin;C:\Users\varun\Downloads\WINDOWS.X64_193000_db_home\bin;C:\Python312\Scripts\;C:\Python312\;C:\Program Files\Common Files\Oracle\Java\javapath;C:\Program Files\Python38\Scripts\;C:\Program Files\Python38\;C:\Python_3.7\Scripts\;C:\Python_3.7\;C:\Users\varun\Desktop\VISE_RION\Python\Scripts\;C:\Users\varun\Desktop\VISE_RION\Python\;C:\Windows\system32;C:\Windows;C:\Windows\System32\Wbem;C:\Windows\System32\WindowsPowerShell\v1.0\;C:\Windows\System32\OpenSSH\;C:\Program Files (x86)\NVIDIA Corporation\PhysX\Common;C:\WINDOWS\system32;C:\WINDOWS;C:\WINDOWS\System32\Wbem;C:\WINDOWS\System32\WindowsPowerShell\v1.0\;C:\WINDOWS\System32\OpenSSH\;C:\Program Files\dotnet\;C:\Program Files\Microsoft SQL Server\150\Tools\Binn\;C:\ProgramData\chocolatey\bin;C:\Program Files\Git\cmd;C:\Program Files\NVIDIA Corporation\NVIDIA app\NvDLISR;C:\Program Files\Docker\Docker\resources\bin;C:\Program Files\Redis;%NVM_HOME%;%NVM_SYMLINK%;C:\Program Files\MySQL\MySQL Shell 8.0\bin\;C:\Users\varun\.cargo\bin;C:\Users\varun\AppData\Local\Microsoft\WindowsApps;C:\MinGW\bin;%PyCharm Community Edition%;C:\Program Files\JetBrains\IntelliJ IDEA Community Edition 2023.3.2\bin;C:\Users\varun\AppData\Local\Programs\Microsoft VS Code\bin;C:\python3.7;C:\Users\varun\AppData\Roaming\Python\Python38\Scripts;C:\Program Files\JetBrains\IntelliJ IDEA 2023.2.1\bin;C:\flutter\bin;C:\Users\varun\AppData\Roaming\npm;C:\Users\varun\AppData\Roaming\nvm;C:\Program Files\nodejs
USERNAME=varun
OS=Windows_NT
PROCESSOR_IDENTIFIER=AMD64 Family 23 Model 96 Stepping 1, AuthenticAMD
TMP=C:\WINDOWS\TEMP
TEMP=C:\WINDOWS\TEMP



Periodic native trim disabled


---------------  S Y S T E M  ---------------

OS:
 Windows 11 , 64 bit Build 22621 (10.0.22621.3958)
OS uptime: 7 days 22:31 hours
Hyper-V role detected

CPU: total 12 (initial active 12) (12 cores per cpu, 2 threads per core) family 23 model 96 stepping 1 microcode 0x0, cx8, cmov, fxsr, ht, mmx, 3dnowpref, sse, sse2, sse3, ssse3, sse4a, sse4.1, sse4.2, popcnt, lzcnt, tsc, tscinvbit, avx, avx2, aes, clmul, bmi1, bmi2, adx, sha, fma, vzeroupper, clflush, clflushopt, hv
Processor Information for all 12 processors :
  Max Mhz: 3001, Current Mhz: 3001, Mhz Limit: 3001

Memory: 4k page, system-wide physical 7597M (403M free)
TotalPageFile size 31149M (AvailPageFile size 79M)
current process WorkingSet (physical memory assigned to process): 133M, peak: 133M
current process commit charge ("private bytes"): 247M, peak: 248M

vm_info: OpenJDK 64-Bit Server VM (17.0.12+7) for windows-amd64 JRE (17.0.12+7), built on Jul 16 2024 22:08:24 by "admin" with MS VC++ 16.10 / 16.11 (VS2019)

END.
