#
# There is insufficient memory for the Java Runtime Environment to continue.
# Native memory allocation (malloc) failed to allocate 1048576 bytes. Error detail: AllocateHeap
# Possible reasons:
#   The system is out of physical RAM or swap space
#   This process is running with CompressedOops enabled, and the Java Heap may be blocking the growth of the native heap
# Possible solutions:
#   Reduce memory load on the system
#   Increase physical memory or swap space
#   Check if swap backing store is full
#   Decrease Java heap size (-Xmx/-Xms)
#   Decrease number of Java threads
#   Decrease Java thread stack sizes (-Xss)
#   Set larger code cache with -XX:ReservedCodeCacheSize=
#   JVM is running with Unscaled Compressed Oops mode in which the Java heap is
#     placed in the first 4GB address space. The Java Heap base address is the
#     maximum limit for the native heap growth. Please use -XX:HeapBaseMinAddress
#     to set the Java Heap base and to place the Java Heap above 4GB virtual address.
# This output file may be truncated or incomplete.
#
#  Out of Memory Error (allocation.cpp:44), pid=29272, tid=8568
#
# JRE version:  (17.0.12+7) (build )
# Java VM: OpenJDK 64-Bit Server VM (17.0.12+7, mixed mode, tiered, compressed oops, compressed class ptrs, parallel gc, windows-amd64)
# No core dump will be written. Minidumps are not enabled by default on client versions of Windows
#

---------------  S U M M A R Y ------------

Command Line: --add-modules=ALL-SYSTEM --add-opens=java.base/java.util=ALL-UNNAMED --add-opens=java.base/java.lang=ALL-UNNAMED --add-opens=java.base/sun.nio.fs=ALL-UNNAMED -Declipse.application=org.eclipse.jdt.ls.core.id1 -Dosgi.bundles.defaultStartLevel=4 -Declipse.product=org.eclipse.jdt.ls.core.product -Djava.import.generatesMetadataFilesAtProjectRoot=false -DDetectVMInstallationsJob.disabled=true -Dfile.encoding=utf8 -XX:+UseParallelGC -XX:GCTimeRatio=4 -XX:AdaptiveSizePolicyWeight=90 -Dsun.zip.disableMemoryMapping=true -Xmx1G -Xms100m -Xlog:disable -javaagent:c:\Users\varun\.vscode\extensions\redhat.java-1.34.0-win32-x64\lombok\lombok-1.18.33.jar c:\Users\varun\.vscode\extensions\redhat.java-1.34.0-win32-x64\server\plugins\org.eclipse.equinox.launcher_1.6.900.v20240613-2009.jar -configuration c:\Users\varun\AppData\Roaming\Code\User\globalStorage\redhat.java\1.34.0\config_ss_win -data c:\Users\varun\AppData\Roaming\Code\User\workspaceStorage\ae3c2b533d21d5c66214443c6b176387\redhat.java\ss_ws --pipe=\\.\pipe\lsp-d00205cbd2923a8b8b29335378751a59-sock

Host: AMD Ryzen 5 4600H with Radeon Graphics         , 12 cores, 7G,  Windows 11 , 64 bit Build 22621 (10.0.22621.3958)
Time: Mon Sep  9 23:03:29 2024 India Standard Time elapsed time: 0.159004 seconds (0d 0h 0m 0s)

---------------  T H R E A D  ---------------

Current thread (0x000001f757afb970):  JavaThread "Unknown thread" [_thread_in_vm, id=8568, stack(0x0000007d14400000,0x0000007d14500000)]

Stack: [0x0000007d14400000,0x0000007d14500000]
Native frames: (J=compiled Java code, j=interpreted, Vv=VM code, C=native code)
V  [jvm.dll+0x67f929]
V  [jvm.dll+0x8371ba]
V  [jvm.dll+0x838c7e]
V  [jvm.dll+0x8392e3]
V  [jvm.dll+0x24834f]
V  [jvm.dll+0xa70d3]
V  [jvm.dll+0x6b2e9a]
V  [jvm.dll+0x6b3b8f]
V  [jvm.dll+0x68c0b3]
V  [jvm.dll+0x80916b]
V  [jvm.dll+0x36d434]
V  [jvm.dll+0x7e7425]
V  [jvm.dll+0x3f0edf]
V  [jvm.dll+0x3f2a31]
C  [jli.dll+0x528f]
C  [ucrtbase.dll+0x29333]
C  [KERNEL32.DLL+0x1257d]
C  [ntdll.dll+0x5af28]


---------------  P R O C E S S  ---------------

Threads class SMR info:
_java_thread_list=0x00007ff93a336f18, length=0, elements={
}

Java Threads: ( => current thread )

Other Threads:
  0x000001f757b109f0 GCTaskThread "GC Thread#0" [stack: 0x0000007d14500000,0x0000007d14600000] [id=28296]

=>0x000001f757afb970 (exited) JavaThread "Unknown thread" [_thread_in_vm, id=8568, stack(0x0000007d14400000,0x0000007d14500000)]

Threads with active compile tasks:

VM state: not at safepoint (normal execution)

VM Mutex/Monitor currently owned by a thread: None

Heap address: 0x00000000c0000000, size: 1024 MB, Compressed Oops mode: 32-bit

CDS archive(s) not mapped
Compressed class space mapped at: 0x0000000100000000-0x0000000140000000, reserved size: 1073741824
Narrow klass base: 0x0000000000000000, Narrow klass shift: 3, Narrow klass range: 0x140000000

GC Precious Log:
 CPUs: 12 total, 12 available
 Memory: 7597M
 Large Page Support: Disabled
 NUMA Support: Disabled
 Compressed Oops: Enabled (32-bit)
 Alignments: Space 512K, Generation 512K, Heap 2M
 Heap Min Capacity: 100M
 Heap Initial Capacity: 100M
 Heap Max Capacity: 1G
 Pre-touch: Disabled
 Parallel Workers: 10

Heap:
 PSYoungGen      total 29696K, used 512K [0x00000000eab00000, 0x00000000ecc00000, 0x0000000100000000)
  eden space 25600K, 2% used [0x00000000eab00000,0x00000000eab80070,0x00000000ec400000)
  from space 4096K, 0% used [0x00000000ec800000,0x00000000ec800000,0x00000000ecc00000)
  to   space 4096K, 0% used [0x00000000ec400000,0x00000000ec400000,0x00000000ec800000)
 ParOldGen       total 68608K, used 0K [0x00000000c0000000, 0x00000000c4300000, 0x00000000eab00000)
  object space 68608K, 0% used [0x00000000c0000000,0x00000000c0000000,0x00000000c4300000)
 Metaspace       used 1149K, committed 1216K, reserved 1114112K
  class space    used 101K, committed 128K, reserved 1048576K

Card table byte_map: [0x000001f7574a0000,0x000001f7576b0000] _byte_map_base: 0x000001f756ea0000

Marking Bits: (ParMarkBitMap*) 0x00007ff93a3a58b0
 Begin Bits: [0x000001f769790000, 0x000001f76a790000)
 End Bits:   [0x000001f76a790000, 0x000001f76b790000)

Polling page: 0x000001f755a70000

Metaspace:

Usage:
  Non-class:      1.02 MB used.
      Class:    101.05 KB used.
       Both:      1.12 MB used.

Virtual space:
  Non-class space:       64.00 MB reserved,       1.06 MB (  2%) committed,  1 nodes.
      Class space:        1.00 GB reserved,     128.00 KB ( <1%) committed,  1 nodes.
             Both:        1.06 GB reserved,       1.19 MB ( <1%) committed. 

Chunk freelists:
   Non-Class:  12.00 MB
       Class:  15.75 MB
        Both:  27.75 MB

MaxMetaspaceSize: unlimited
CompressedClassSpaceSize: 1.00 GB
Initial GC threshold: 21.00 MB
Current GC threshold: 17179869184.00 GB
CDS: off
MetaspaceReclaimPolicy: balanced
 - commit_granule_bytes: 65536.
 - commit_granule_words: 8192.
 - virtual_space_node_default_size: 8388608.
 - enlarge_chunks_in_place: 1.
 - new_chunks_are_fully_committed: 0.
 - uncommit_free_chunks: 1.
 - use_allocation_guard: 0.
 - handle_deallocations: 1.


Internal statistics:

num_allocs_failed_limit: 0.
num_arena_births: 2.
num_arena_deaths: 0.
num_vsnodes_births: 2.
num_vsnodes_deaths: 0.
num_space_committed: 19.
num_space_uncommitted: 0.
num_chunks_returned_to_freelist: 0.
num_chunks_taken_from_freelist: 3.
num_chunk_merges: 0.
num_chunk_splits: 2.
num_chunks_enlarged: 0.
num_inconsistent_stats: 0.

CodeHeap 'non-profiled nmethods': size=120000Kb used=0Kb max_used=0Kb free=120000Kb
 bounds [0x000001f762260000, 0x000001f7624d0000, 0x000001f769790000]
CodeHeap 'profiled nmethods': size=120000Kb used=0Kb max_used=0Kb free=120000Kb
 bounds [0x000001f75a790000, 0x000001f75aa00000, 0x000001f761cc0000]
CodeHeap 'non-nmethods': size=5760Kb used=202Kb max_used=353Kb free=5557Kb
 bounds [0x000001f761cc0000, 0x000001f761f30000, 0x000001f762260000]
 total_blobs=66 nmethods=0 adapters=47
 compilation: enabled
              stopped_count=0, restarted_count=0
 full_count=0

Compilation events (0 events):
No events

GC Heap History (0 events):
No events

Dll operation events (1 events):
Event: 0.041 Loaded shared library c:\Users\varun\.vscode\extensions\redhat.java-1.34.0-win32-x64\jre\17.0.12-win32-x86_64\bin\java.dll

Deoptimization events (0 events):
No events

Classes loaded (20 events):
Event: 0.084 Loading class java/lang/Long
Event: 0.084 Loading class java/lang/Long done
Event: 0.084 Loading class java/util/Iterator
Event: 0.084 Loading class java/util/Iterator done
Event: 0.084 Loading class java/lang/reflect/RecordComponent
Event: 0.084 Loading class java/lang/reflect/RecordComponent done
Event: 0.085 Loading class jdk/internal/vm/vector/VectorSupport
Event: 0.085 Loading class jdk/internal/vm/vector/VectorSupport done
Event: 0.085 Loading class jdk/internal/vm/vector/VectorSupport$VectorPayload
Event: 0.085 Loading class jdk/internal/vm/vector/VectorSupport$VectorPayload done
Event: 0.085 Loading class jdk/internal/vm/vector/VectorSupport$Vector
Event: 0.085 Loading class jdk/internal/vm/vector/VectorSupport$Vector done
Event: 0.085 Loading class jdk/internal/vm/vector/VectorSupport$VectorMask
Event: 0.085 Loading class jdk/internal/vm/vector/VectorSupport$VectorMask done
Event: 0.085 Loading class jdk/internal/vm/vector/VectorSupport$VectorShuffle
Event: 0.085 Loading class jdk/internal/vm/vector/VectorSupport$VectorShuffle done
Event: 0.110 Loading class java/lang/NullPointerException
Event: 0.111 Loading class java/lang/NullPointerException done
Event: 0.112 Loading class java/lang/ArithmeticException
Event: 0.112 Loading class java/lang/ArithmeticException done

Classes unloaded (0 events):
No events

Classes redefined (0 events):
No events

Internal exceptions (0 events):
No events

VM Operations (0 events):
No events

Events (0 events):
No events


Dynamic libraries:
0x00007ff7468b0000 - 0x00007ff7468be000 	c:\Users\varun\.vscode\extensions\redhat.java-1.34.0-win32-x64\jre\17.0.12-win32-x86_64\bin\java.exe
0x00007ff9ce6b0000 - 0x00007ff9ce8c7000 	C:\WINDOWS\SYSTEM32\ntdll.dll
0x00007ff9cda20000 - 0x00007ff9cdae4000 	C:\WINDOWS\System32\KERNEL32.DLL
0x00007ff9cbe90000 - 0x00007ff9cc23d000 	C:\WINDOWS\System32\KERNELBASE.dll
0x00007ff9cb9d0000 - 0x00007ff9cbae1000 	C:\WINDOWS\System32\ucrtbase.dll
0x00007ff9b6e80000 - 0x00007ff9b6e97000 	c:\Users\varun\.vscode\extensions\redhat.java-1.34.0-win32-x64\jre\17.0.12-win32-x86_64\bin\jli.dll
0x00007ff9cd870000 - 0x00007ff9cda1e000 	C:\WINDOWS\System32\USER32.dll
0x00007ff9cc3b0000 - 0x00007ff9cc3d6000 	C:\WINDOWS\System32\win32u.dll
0x00007ff9cdd60000 - 0x00007ff9cdd89000 	C:\WINDOWS\System32\GDI32.dll
0x00007ff9cbaf0000 - 0x00007ff9cbc09000 	C:\WINDOWS\System32\gdi32full.dll
0x00007ff9cbdf0000 - 0x00007ff9cbe8a000 	C:\WINDOWS\System32\msvcp_win.dll
0x00007ff9bf3c0000 - 0x00007ff9bf3db000 	c:\Users\varun\.vscode\extensions\redhat.java-1.34.0-win32-x64\jre\17.0.12-win32-x86_64\bin\VCRUNTIME140.dll
0x00007ff9bd770000 - 0x00007ff9bda03000 	C:\WINDOWS\WinSxS\amd64_microsoft.windows.common-controls_6595b64144ccf1df_6.0.22621.3672_none_2713b9d173822955\COMCTL32.dll
0x00007ff9cd1a0000 - 0x00007ff9cd247000 	C:\WINDOWS\System32\msvcrt.dll
0x00007ff9ce610000 - 0x00007ff9ce641000 	C:\WINDOWS\System32\IMM32.DLL
0x00007ff9c83b0000 - 0x00007ff9c83bc000 	c:\Users\varun\.vscode\extensions\redhat.java-1.34.0-win32-x64\jre\17.0.12-win32-x86_64\bin\vcruntime140_1.dll
0x00007ff997710000 - 0x00007ff99779d000 	c:\Users\varun\.vscode\extensions\redhat.java-1.34.0-win32-x64\jre\17.0.12-win32-x86_64\bin\msvcp140.dll
0x00007ff939800000 - 0x00007ff93a46a000 	c:\Users\varun\.vscode\extensions\redhat.java-1.34.0-win32-x64\jre\17.0.12-win32-x86_64\bin\server\jvm.dll
0x00007ff9cc430000 - 0x00007ff9cc4e2000 	C:\WINDOWS\System32\ADVAPI32.dll
0x00007ff9cd6f0000 - 0x00007ff9cd799000 	C:\WINDOWS\System32\sechost.dll
0x00007ff9cbcd0000 - 0x00007ff9cbcf8000 	C:\WINDOWS\System32\bcrypt.dll
0x00007ff9cd080000 - 0x00007ff9cd194000 	C:\WINDOWS\System32\RPCRT4.dll
0x00007ff9cce40000 - 0x00007ff9cceb1000 	C:\WINDOWS\System32\WS2_32.dll
0x00007ff9ca840000 - 0x00007ff9ca88d000 	C:\WINDOWS\SYSTEM32\POWRPROF.dll
0x00007ff9c73a0000 - 0x00007ff9c73d4000 	C:\WINDOWS\SYSTEM32\WINMM.dll
0x00007ff9c47d0000 - 0x00007ff9c47da000 	C:\WINDOWS\SYSTEM32\VERSION.dll
0x00007ff9ca820000 - 0x00007ff9ca833000 	C:\WINDOWS\SYSTEM32\UMPDC.dll
0x00007ff9caad0000 - 0x00007ff9caae8000 	C:\WINDOWS\SYSTEM32\kernel.appcore.dll
0x00007ff9c7bb0000 - 0x00007ff9c7bba000 	c:\Users\varun\.vscode\extensions\redhat.java-1.34.0-win32-x64\jre\17.0.12-win32-x86_64\bin\jimage.dll
0x00007ff9c3760000 - 0x00007ff9c3992000 	C:\WINDOWS\SYSTEM32\DBGHELP.DLL
0x00007ff9cd250000 - 0x00007ff9cd5de000 	C:\WINDOWS\System32\combase.dll
0x00007ff9ccd60000 - 0x00007ff9cce37000 	C:\WINDOWS\System32\OLEAUT32.dll
0x00007ff99ed30000 - 0x00007ff99ed62000 	C:\WINDOWS\SYSTEM32\dbgcore.DLL
0x00007ff9cbd70000 - 0x00007ff9cbdeb000 	C:\WINDOWS\System32\bcryptPrimitives.dll
0x00007ff9c1e60000 - 0x00007ff9c1e6e000 	c:\Users\varun\.vscode\extensions\redhat.java-1.34.0-win32-x64\jre\17.0.12-win32-x86_64\bin\instrument.dll
0x00007ff9b9bb0000 - 0x00007ff9b9bd5000 	c:\Users\varun\.vscode\extensions\redhat.java-1.34.0-win32-x64\jre\17.0.12-win32-x86_64\bin\java.dll
0x00007ff9b78e0000 - 0x00007ff9b78f8000 	c:\Users\varun\.vscode\extensions\redhat.java-1.34.0-win32-x64\jre\17.0.12-win32-x86_64\bin\zip.dll

dbghelp: loaded successfully - version: 4.0.5 - missing functions: none
symbol engine: initialized successfully - sym options: 0x614 - pdb path: .;c:\Users\varun\.vscode\extensions\redhat.java-1.34.0-win32-x64\jre\17.0.12-win32-x86_64\bin;C:\WINDOWS\SYSTEM32;C:\WINDOWS\WinSxS\amd64_microsoft.windows.common-controls_6595b64144ccf1df_6.0.22621.3672_none_2713b9d173822955;c:\Users\varun\.vscode\extensions\redhat.java-1.34.0-win32-x64\jre\17.0.12-win32-x86_64\bin\server

VM Arguments:
jvm_args: --add-modules=ALL-SYSTEM --add-opens=java.base/java.util=ALL-UNNAMED --add-opens=java.base/java.lang=ALL-UNNAMED --add-opens=java.base/sun.nio.fs=ALL-UNNAMED -Declipse.application=org.eclipse.jdt.ls.core.id1 -Dosgi.bundles.defaultStartLevel=4 -Declipse.product=org.eclipse.jdt.ls.core.product -Djava.import.generatesMetadataFilesAtProjectRoot=false -DDetectVMInstallationsJob.disabled=true -Dfile.encoding=utf8 -XX:+UseParallelGC -XX:GCTimeRatio=4 -XX:AdaptiveSizePolicyWeight=90 -Dsun.zip.disableMemoryMapping=true -Xmx1G -Xms100m -Xlog:disable -javaagent:c:\Users\varun\.vscode\extensions\redhat.java-1.34.0-win32-x64\lombok\lombok-1.18.33.jar 
java_command: c:\Users\varun\.vscode\extensions\redhat.java-1.34.0-win32-x64\server\plugins\org.eclipse.equinox.launcher_1.6.900.v20240613-2009.jar -configuration c:\Users\varun\AppData\Roaming\Code\User\globalStorage\redhat.java\1.34.0\config_ss_win -data c:\Users\varun\AppData\Roaming\Code\User\workspaceStorage\ae3c2b533d21d5c66214443c6b176387\redhat.java\ss_ws --pipe=\\.\pipe\lsp-d00205cbd2923a8b8b29335378751a59-sock
java_class_path (initial): c:\Users\varun\.vscode\extensions\redhat.java-1.34.0-win32-x64\server\plugins\org.eclipse.equinox.launcher_1.6.900.v20240613-2009.jar
Launcher Type: SUN_STANDARD

[Global flags]
    uintx AdaptiveSizePolicyWeight                 = 90                                        {product} {command line}
     intx CICompilerCount                          = 4                                         {product} {ergonomic}
    uintx GCTimeRatio                              = 4                                         {product} {command line}
   size_t InitialHeapSize                          = 104857600                                 {product} {command line}
   size_t MaxHeapSize                              = 1073741824                                {product} {command line}
   size_t MaxNewSize                               = 357564416                                 {product} {ergonomic}
   size_t MinHeapDeltaBytes                        = 524288                                    {product} {ergonomic}
   size_t MinHeapSize                              = 104857600                                 {product} {command line}
   size_t NewSize                                  = 34603008                                  {product} {ergonomic}
    uintx NonNMethodCodeHeapSize                   = 5839372                                {pd product} {ergonomic}
    uintx NonProfiledCodeHeapSize                  = 122909434                              {pd product} {ergonomic}
   size_t OldSize                                  = 70254592                                  {product} {ergonomic}
    uintx ProfiledCodeHeapSize                     = 122909434                              {pd product} {ergonomic}
    uintx ReservedCodeCacheSize                    = 251658240                              {pd product} {ergonomic}
     bool SegmentedCodeCache                       = true                                      {product} {ergonomic}
   size_t SoftMaxHeapSize                          = 1073741824                             {manageable} {ergonomic}
     bool UseCompressedClassPointers               = true                           {product lp64_product} {ergonomic}
     bool UseCompressedOops                        = true                           {product lp64_product} {ergonomic}
     bool UseLargePagesIndividualAllocation        = false                                  {pd product} {ergonomic}
     bool UseParallelGC                            = true                                      {product} {command line}

Logging:
Log output configuration:
 #0: stdout all=off uptime,level,tags
 #1: stderr all=off uptime,level,tags

Environment Variables:
PATH=C:\oraclexe\app\oracle\product\11.2.0\server\bin;C:\Users\varun\Downloads\WINDOWS.X64_193000_db_home\bin;C:\Python312\Scripts\;C:\Python312\;C:\Program Files\Common Files\Oracle\Java\javapath;C:\Program Files\Python38\Scripts\;C:\Program Files\Python38\;C:\Python_3.7\Scripts\;C:\Python_3.7\;C:\Users\varun\Desktop\VISE_RION\Python\Scripts\;C:\Users\varun\Desktop\VISE_RION\Python\;C:\Windows\system32;C:\Windows;C:\Windows\System32\Wbem;C:\Windows\System32\WindowsPowerShell\v1.0\;C:\Windows\System32\OpenSSH\;C:\Program Files (x86)\NVIDIA Corporation\PhysX\Common;C:\WINDOWS\system32;C:\WINDOWS;C:\WINDOWS\System32\Wbem;C:\WINDOWS\System32\WindowsPowerShell\v1.0\;C:\WINDOWS\System32\OpenSSH\;C:\Program Files\dotnet\;C:\Program Files\Microsoft SQL Server\150\Tools\Binn\;C:\ProgramData\chocolatey\bin;C:\Program Files\Git\cmd;C:\Program Files\NVIDIA Corporation\NVIDIA app\NvDLISR;C:\Program Files\Docker\Docker\resources\bin;C:\Program Files\Redis;%NVM_HOME%;%NVM_SYMLINK%;C:\Program Files\MySQL\MySQL Shell 8.0\bin\;C:\Users\varun\.cargo\bin;C:\Users\varun\AppData\Local\Microsoft\WindowsApps;C:\MinGW\bin;%PyCharm Community Edition%;C:\Program Files\JetBrains\IntelliJ IDEA Community Edition 2023.3.2\bin;C:\Users\varun\AppData\Local\Programs\Microsoft VS Code\bin;C:\python3.7;C:\Users\varun\AppData\Roaming\Python\Python38\Scripts;C:\Program Files\JetBrains\IntelliJ IDEA 2023.2.1\bin;C:\flutter\bin;C:\Users\varun\AppData\Roaming\npm;C:\Users\varun\AppData\Roaming\nvm;C:\Program Files\nodejs
USERNAME=varun
OS=Windows_NT
PROCESSOR_IDENTIFIER=AMD64 Family 23 Model 96 Stepping 1, AuthenticAMD
TMP=C:\WINDOWS\TEMP
TEMP=C:\WINDOWS\TEMP



Periodic native trim disabled


---------------  S Y S T E M  ---------------

OS:
 Windows 11 , 64 bit Build 22621 (10.0.22621.3958)
OS uptime: 7 days 22:34 hours
Hyper-V role detected

CPU: total 12 (initial active 12) (12 cores per cpu, 2 threads per core) family 23 model 96 stepping 1 microcode 0x0, cx8, cmov, fxsr, ht, mmx, 3dnowpref, sse, sse2, sse3, ssse3, sse4a, sse4.1, sse4.2, popcnt, lzcnt, tsc, tscinvbit, avx, avx2, aes, clmul, bmi1, bmi2, adx, sha, fma, vzeroupper, clflush, clflushopt, hv
Processor Information for all 12 processors :
  Max Mhz: 3001, Current Mhz: 3001, Mhz Limit: 3001

Memory: 4k page, system-wide physical 7597M (568M free)
TotalPageFile size 31149M (AvailPageFile size 237M)
current process WorkingSet (physical memory assigned to process): 16M, peak: 16M
current process commit charge ("private bytes"): 155M, peak: 155M

vm_info: OpenJDK 64-Bit Server VM (17.0.12+7) for windows-amd64 JRE (17.0.12+7), built on Jul 16 2024 22:08:24 by "admin" with MS VC++ 16.10 / 16.11 (VS2019)

END.
